<?xml version="1.0" encoding="UTF-8"?>
<!-- Generated by org.testng.reporters.JUnitReportReporter -->
<testsuite hostname="CHNMCT452013D" failures="0" tests="1" name="test.NewTest" time="20.134" errors="0" timestamp="2020-10-15T14:16:36 IST" skipped="0">
  <testcase classname="test.NewTest" name="f" time="20.134"/>
  <system-out/>
</testsuite> <!-- test.NewTest -->
