<?xml version="1.0" encoding="UTF-8"?>
<!-- Generated by org.testng.reporters.JUnitReportReporter -->
<testsuite hostname="CHNMCT452013D" failures="0" tests="1" name="userdef.NewTest" time="13.023" errors="0" timestamp="2020-10-15T12:40:34 IST" skipped="0">
  <testcase classname="userdef.NewTest" name="f" time="13.023"/>
  <system-out/>
</testsuite> <!-- userdef.NewTest -->
